<?xml version="1.0" encoding="UTF-8"?>
<testsuites name="Mocha Tests" time="0.0450" tests="1" failures="0">
  <testsuite name="Root Suite" timestamp="2021-06-25T07:33:57" tests="0" file="cypress/integration/example-test.spec.js" time="0.0000" failures="0">
  </testsuite>
  <testsuite name="my first test" timestamp="2021-06-25T07:33:57" tests="1" time="0.0450" failures="0">
    <testcase name="my first test test do be equal" time="0.0450" classname="test do be equal">
    </testcase>
  </testsuite>
</testsuites>